#
# There is insufficient memory for the Java Runtime Environment to continue.
# Native memory allocation (malloc) failed to allocate 2402768 bytes for Chunk::new
# Possible reasons:
#   The system is out of physical RAM or swap space
#   The process is running with CompressedOops enabled, and the Java Heap may be blocking the growth of the native heap
# Possible solutions:
#   Reduce memory load on the system
#   Increase physical memory or swap space
#   Check if swap backing store is full
#   Decrease Java heap size (-Xmx/-Xms)
#   Decrease number of Java threads
#   Decrease Java thread stack sizes (-Xss)
#   Set larger code cache with -XX:ReservedCodeCacheSize=
#   JVM is running with Zero Based Compressed Oops mode in which the Java heap is
#     placed in the first 32GB address space. The Java Heap base address is the
#     maximum limit for the native heap growth. Please use -XX:HeapBaseMinAddress
#     to set the Java Heap base and to place the Java Heap above 32GB virtual address.
# This output file may be truncated or incomplete.
#
#  Out of Memory Error (arena.cpp:189), pid=21944, tid=11412
#
# JRE version: OpenJDK Runtime Environment Temurin-17.0.2+8 (17.0.2+8) (build 17.0.2+8)
# Java VM: OpenJDK 64-Bit Server VM Temurin-17.0.2+8 (17.0.2+8, mixed mode, tiered, compressed oops, compressed class ptrs, g1 gc, windows-amd64)
# No core dump will be written. Minidumps are not enabled by default on client versions of Windows
#

---------------  S U M M A R Y ------------

Command Line: -Dfile.encoding=UTF-8 -XX:+ShowCodeDetailsInExceptionMessages fourth.HappyLearningApplication

Host: 11th Gen Intel(R) Core(TM) i7-1165G7 @ 2.80GHz, 8 cores, 23G,  Windows 11 , 64 bit Build 22000 (10.0.22000.708)
Time: Mon Sep 19 15:19:30 2022  Windows 11 , 64 bit Build 22000 (10.0.22000.708) elapsed time: 60519.781586 seconds (0d 16h 48m 39s)

---------------  T H R E A D  ---------------

Current thread (0x00000187460b96e0):  JavaThread "C2 CompilerThread0" daemon [_thread_in_native, id=11412, stack(0x00000069b2400000,0x00000069b2500000)]


Current CompileTask:
C2:60519781 30063       4       org.eclipse.jdt.internal.compiler.codegen.CodeStream::invoke18 (208 bytes)

Stack: [0x00000069b2400000,0x00000069b2500000]
Native frames: (J=compiled Java code, j=interpreted, Vv=VM code, C=native code)
V  [jvm.dll+0x67564a]
V  [jvm.dll+0x82fc04]
V  [jvm.dll+0x8313ae]
V  [jvm.dll+0x831a13]
V  [jvm.dll+0x245235]
V  [jvm.dll+0xabd7b]
V  [jvm.dll+0xac30c]
V  [jvm.dll+0x3631f7]
V  [jvm.dll+0x1bb702]
V  [jvm.dll+0x218229]
V  [jvm.dll+0x2174f1]
V  [jvm.dll+0x1a3a8d]
V  [jvm.dll+0x226ef8]
V  [jvm.dll+0x22503c]
V  [jvm.dll+0x7e596b]
V  [jvm.dll+0x7dff2a]
V  [jvm.dll+0x6744d5]
C  [ucrtbase.dll+0x26c0c]
C  [KERNEL32.DLL+0x154e0]
C  [ntdll.dll+0x485b]


---------------  P R O C E S S  ---------------

Threads class SMR info:
_java_thread_list=0x000001874afb5cd0, length=33, elements={
0x0000018746018100, 0x00000187460185d0, 0x000001874608e4a0, 0x000001874607ac10,
0x00000187460ad050, 0x00000187460b5920, 0x00000187460b96e0, 0x00000187460bbff0,
0x00000187460cd0b0, 0x0000018746222f30, 0x0000018746223aa0, 0x000001874c349010,
0x00000187462c79b0, 0x000001874bbd1410, 0x0000018749bc6d90, 0x0000018749bc7260,
0x000001874bbd6110, 0x0000018749bc5580, 0x0000018749bc4240, 0x0000018749bca280,
0x0000018749bc4be0, 0x0000018749bcb0f0, 0x0000018749bc3d70, 0x0000018746b546f0,
0x0000018746b52ee0, 0x0000018746b55090, 0x0000018746b4e6b0, 0x0000018746b4fec0,
0x0000018746b50860, 0x0000018746b516d0, 0x00000187462c5cd0, 0x00000187462c61a0,
0x00000187462c6b40
}

Java Threads: ( => current thread )
  0x0000018746018100 JavaThread "Reference Handler" daemon [_thread_blocked, id=11004, stack(0x00000069b1e00000,0x00000069b1f00000)]
  0x00000187460185d0 JavaThread "Finalizer" daemon [_thread_blocked, id=7096, stack(0x00000069b1f00000,0x00000069b2000000)]
  0x000001874608e4a0 JavaThread "Signal Dispatcher" daemon [_thread_blocked, id=14736, stack(0x00000069b2000000,0x00000069b2100000)]
  0x000001874607ac10 JavaThread "Attach Listener" daemon [_thread_blocked, id=21992, stack(0x00000069b2100000,0x00000069b2200000)]
  0x00000187460ad050 JavaThread "Service Thread" daemon [_thread_blocked, id=888, stack(0x00000069b2200000,0x00000069b2300000)]
  0x00000187460b5920 JavaThread "Monitor Deflation Thread" daemon [_thread_blocked, id=13272, stack(0x00000069b2300000,0x00000069b2400000)]
=>0x00000187460b96e0 JavaThread "C2 CompilerThread0" daemon [_thread_in_native, id=11412, stack(0x00000069b2400000,0x00000069b2500000)]
  0x00000187460bbff0 JavaThread "C1 CompilerThread0" daemon [_thread_blocked, id=11948, stack(0x00000069b2500000,0x00000069b2600000)]
  0x00000187460cd0b0 JavaThread "Sweeper thread" daemon [_thread_blocked, id=20836, stack(0x00000069b2600000,0x00000069b2700000)]
  0x0000018746222f30 JavaThread "Notification Thread" daemon [_thread_blocked, id=16544, stack(0x00000069b2700000,0x00000069b2800000)]
  0x0000018746223aa0 JavaThread "Common-Cleaner" daemon [_thread_blocked, id=7428, stack(0x00000069b2900000,0x00000069b2a00000)]
  0x000001874c349010 JavaThread "mysql-cj-abandoned-connection-cleanup" daemon [_thread_blocked, id=3816, stack(0x00000069b3900000,0x00000069b3a00000)]
  0x00000187462c79b0 JavaThread "Live Reload Server" daemon [_thread_in_native, id=16856, stack(0x00000069b4100000,0x00000069b4200000)]
  0x000001874bbd1410 JavaThread "DestroyJavaVM" [_thread_blocked, id=19608, stack(0x00000069b1700000,0x00000069b1800000)]
  0x0000018749bc6d90 JavaThread "File Watcher" daemon [_thread_blocked, id=11700, stack(0x00000069b1600000,0x00000069b1700000)]
  0x0000018749bc7260 JavaThread "File Watcher" daemon [_thread_blocked, id=1012, stack(0x00000069b2a00000,0x00000069b2b00000)]
  0x000001874bbd6110 JavaThread "Catalina-utility-1" [_thread_blocked, id=16160, stack(0x00000069b2c00000,0x00000069b2d00000)]
  0x0000018749bc5580 JavaThread "Catalina-utility-2" [_thread_blocked, id=6956, stack(0x00000069b3400000,0x00000069b3500000)]
  0x0000018749bc4240 JavaThread "container-2" [_thread_blocked, id=22872, stack(0x00000069b3500000,0x00000069b3600000)]
  0x0000018749bca280 JavaThread "HikariPool-45 housekeeper" daemon [_thread_blocked, id=15612, stack(0x00000069b3800000,0x00000069b3900000)]
  0x0000018749bc4be0 JavaThread "File Watcher" daemon [_thread_blocked, id=15960, stack(0x00000069b3c00000,0x00000069b3d00000)]
  0x0000018749bcb0f0 JavaThread "http-nio-8080-exec-1" daemon [_thread_blocked, id=12844, stack(0x00000069b3d00000,0x00000069b3e00000)]
  0x0000018749bc3d70 JavaThread "http-nio-8080-exec-2" daemon [_thread_blocked, id=8076, stack(0x00000069b3f00000,0x00000069b4000000)]
  0x0000018746b546f0 JavaThread "http-nio-8080-exec-3" daemon [_thread_blocked, id=20284, stack(0x00000069b4000000,0x00000069b4100000)]
  0x0000018746b52ee0 JavaThread "http-nio-8080-exec-4" daemon [_thread_blocked, id=13292, stack(0x00000069b4200000,0x00000069b4300000)]
  0x0000018746b55090 JavaThread "http-nio-8080-exec-5" daemon [_thread_blocked, id=21000, stack(0x00000069b4300000,0x00000069b4400000)]
  0x0000018746b4e6b0 JavaThread "http-nio-8080-exec-6" daemon [_thread_blocked, id=3128, stack(0x00000069b4400000,0x00000069b4500000)]
  0x0000018746b4fec0 JavaThread "http-nio-8080-exec-7" daemon [_thread_blocked, id=19928, stack(0x00000069b4500000,0x00000069b4600000)]
  0x0000018746b50860 JavaThread "http-nio-8080-exec-8" daemon [_thread_blocked, id=3708, stack(0x00000069b4600000,0x00000069b4700000)]
  0x0000018746b516d0 JavaThread "http-nio-8080-exec-9" daemon [_thread_blocked, id=1156, stack(0x00000069b4700000,0x00000069b4800000)]
  0x00000187462c5cd0 JavaThread "http-nio-8080-exec-10" daemon [_thread_blocked, id=23028, stack(0x00000069b4800000,0x00000069b4900000)]
  0x00000187462c61a0 JavaThread "http-nio-8080-Poller" daemon [_thread_in_native, id=19048, stack(0x00000069b4900000,0x00000069b4a00000)]
  0x00000187462c6b40 JavaThread "http-nio-8080-Acceptor" daemon [_thread_in_native, id=16984, stack(0x00000069b4a00000,0x00000069b4b00000)]

Other Threads:
  0x00000187457c86b0 VMThread "VM Thread" [stack: 0x00000069b1d00000,0x00000069b1e00000] [id=17140]
  0x0000018746223810 WatcherThread [stack: 0x00000069b2800000,0x00000069b2900000] [id=13428]
  0x000001872228d5a0 GCTaskThread "GC Thread#0" [stack: 0x00000069b1800000,0x00000069b1900000] [id=12576]
  0x0000018747a4d420 GCTaskThread "GC Thread#1" [stack: 0x00000069b2d00000,0x00000069b2e00000] [id=11892]
  0x0000018747a4c960 GCTaskThread "GC Thread#2" [stack: 0x00000069b2e00000,0x00000069b2f00000] [id=3724]
  0x0000018747a4d980 GCTaskThread "GC Thread#3" [stack: 0x00000069b2f00000,0x00000069b3000000] [id=14816]
  0x0000018747a4dc30 GCTaskThread "GC Thread#4" [stack: 0x00000069b3000000,0x00000069b3100000] [id=12464]
  0x0000018747a4cc10 GCTaskThread "GC Thread#5" [stack: 0x00000069b3100000,0x00000069b3200000] [id=876]
  0x0000018747a4d6d0 GCTaskThread "GC Thread#6" [stack: 0x00000069b3200000,0x00000069b3300000] [id=22944]
  0x0000018747a4c6b0 GCTaskThread "GC Thread#7" [stack: 0x00000069b3300000,0x00000069b3400000] [id=17608]
  0x000001872229a980 ConcurrentGCThread "G1 Main Marker" [stack: 0x00000069b1900000,0x00000069b1a00000] [id=22884]
  0x000001872229c1b0 ConcurrentGCThread "G1 Conc#0" [stack: 0x00000069b1a00000,0x00000069b1b00000] [id=15968]
  0x0000018747a4c400 ConcurrentGCThread "G1 Conc#1" [stack: 0x00000069b3600000,0x00000069b3700000] [id=14452]
  0x000001874564b120 ConcurrentGCThread "G1 Refine#0" [stack: 0x00000069b1b00000,0x00000069b1c00000] [id=23460]
  0x000001874960d4a0 ConcurrentGCThread "G1 Refine#1" [stack: 0x00000069b3e00000,0x00000069b3f00000] [id=16676]
  0x000001874564c800 ConcurrentGCThread "G1 Service" [stack: 0x00000069b1c00000,0x00000069b1d00000] [id=20708]

Threads with active compile tasks:
C2 CompilerThread0  60519802 30063       4       org.eclipse.jdt.internal.compiler.codegen.CodeStream::invoke18 (208 bytes)

VM state: not at safepoint (normal execution)

VM Mutex/Monitor currently owned by a thread: None

Heap address: 0x0000000684c00000, size: 6068 MB, Compressed Oops mode: Zero based, Oop shift amount: 3

CDS archive(s) not mapped
Compressed class space mapped at: 0x0000000800000000-0x0000000840000000, reserved size: 1073741824
Narrow klass base: 0x0000000800000000, Narrow klass shift: 0, Narrow klass range: 0x40000000

GC Precious Log:
 CPUs: 8 total, 8 available
 Memory: 24270M
 Large Page Support: Disabled
 NUMA Support: Disabled
 Compressed Oops: Enabled (Zero based)
 Heap Region Size: 4M
 Heap Min Capacity: 8M
 Heap Initial Capacity: 380M
 Heap Max Capacity: 6068M
 Pre-touch: Disabled
 Parallel Workers: 8
 Concurrent Workers: 2
 Concurrent Refinement Workers: 8
 Periodic GC: Disabled

Heap:
 garbage-first heap   total 139264K, used 81778K [0x0000000684c00000, 0x0000000800000000)
  region size 4096K, 6 young (24576K), 1 survivors (4096K)
 Metaspace       used 131787K, committed 133696K, reserved 1171456K
  class space    used 12825K, committed 13824K, reserved 1048576K

Heap Regions: E=young(eden), S=young(survivor), O=old, HS=humongous(starts), HC=humongous(continues), CS=collection set, F=free, OA=open archive, CA=closed archive, TAMS=top-at-mark-start (previous, next)
|   0|0x0000000684c00000, 0x0000000685000000, 0x0000000685000000|100%| O|  |TAMS 0x0000000685000000, 0x0000000684c00000| Untracked 
|   1|0x0000000685000000, 0x00000006853ffff0, 0x0000000685400000| 99%| O|  |TAMS 0x00000006853ffff0, 0x0000000685000000| Untracked 
|   2|0x0000000685400000, 0x0000000685800000, 0x0000000685800000|100%| O|  |TAMS 0x0000000685800000, 0x0000000685400000| Untracked 
|   3|0x0000000685800000, 0x0000000685c00000, 0x0000000685c00000|100%| O|  |TAMS 0x0000000685c00000, 0x0000000685800000| Untracked 
|   4|0x0000000685c00000, 0x0000000685ffffd8, 0x0000000686000000| 99%| O|  |TAMS 0x0000000685ffffd8, 0x0000000685c00000| Untracked 
|   5|0x0000000686000000, 0x00000006863ffff0, 0x0000000686400000| 99%| O|  |TAMS 0x0000000686000000, 0x0000000686000000| Untracked 
|   6|0x0000000686400000, 0x00000006867fffe0, 0x0000000686800000| 99%| O|  |TAMS 0x0000000686400000, 0x0000000686400000| Untracked 
|   7|0x0000000686800000, 0x0000000686bc0cc8, 0x0000000686c00000| 93%| O|  |TAMS 0x0000000686800000, 0x0000000686800000| Untracked 
|   8|0x0000000686c00000, 0x0000000686ffffe0, 0x0000000687000000| 99%| O|  |TAMS 0x0000000686c00000, 0x0000000686c00000| Untracked 
|   9|0x0000000687000000, 0x0000000687400000, 0x0000000687400000|100%| O|  |TAMS 0x0000000687000000, 0x0000000687000000| Untracked 
|  10|0x0000000687400000, 0x0000000687800000, 0x0000000687800000|100%| O|  |TAMS 0x0000000687400000, 0x0000000687400000| Untracked 
|  11|0x0000000687800000, 0x00000006879722d8, 0x0000000687c00000| 36%| O|  |TAMS 0x0000000687800000, 0x0000000687800000| Untracked 
|  12|0x0000000687c00000, 0x0000000688000000, 0x0000000688000000|100%| O|  |TAMS 0x0000000687c00000, 0x0000000687c00000| Untracked 
|  13|0x0000000688000000, 0x0000000688400000, 0x0000000688400000|100%| O|  |TAMS 0x0000000688000000, 0x0000000688000000| Untracked 
|  14|0x0000000688400000, 0x0000000688800000, 0x0000000688800000|100%| O|  |TAMS 0x0000000688400000, 0x0000000688400000| Untracked 
|  15|0x0000000688800000, 0x0000000688c00000, 0x0000000688c00000|100%| O|  |TAMS 0x0000000688800000, 0x0000000688800000| Untracked 
|  16|0x0000000688c00000, 0x0000000689000000, 0x0000000689000000|100%| O|  |TAMS 0x0000000688c00000, 0x0000000688c00000| Untracked 
|  17|0x0000000689000000, 0x000000068924d800, 0x0000000689400000| 57%| O|  |TAMS 0x0000000689000000, 0x0000000689000000| Untracked 
|  18|0x0000000689400000, 0x0000000689400000, 0x0000000689800000|  0%| F|  |TAMS 0x0000000689400000, 0x0000000689400000| Untracked 
|  19|0x0000000689800000, 0x0000000689800000, 0x0000000689c00000|  0%| F|  |TAMS 0x0000000689800000, 0x0000000689800000| Untracked 
|  20|0x0000000689c00000, 0x0000000689c00000, 0x000000068a000000|  0%| F|  |TAMS 0x0000000689c00000, 0x0000000689c00000| Untracked 
|  21|0x000000068a000000, 0x000000068a000000, 0x000000068a400000|  0%| F|  |TAMS 0x000000068a000000, 0x000000068a000000| Untracked 
|  22|0x000000068a400000, 0x000000068a45c190, 0x000000068a800000|  8%| S|CS|TAMS 0x000000068a400000, 0x000000068a400000| Complete 
|  23|0x000000068a800000, 0x000000068a800000, 0x000000068ac00000|  0%| F|  |TAMS 0x000000068a800000, 0x000000068a800000| Untracked 
|  24|0x000000068ac00000, 0x000000068ac00000, 0x000000068b000000|  0%| F|  |TAMS 0x000000068ac00000, 0x000000068ac00000| Untracked 
|  25|0x000000068b000000, 0x000000068b000000, 0x000000068b400000|  0%| F|  |TAMS 0x000000068b000000, 0x000000068b000000| Untracked 
|  26|0x000000068b400000, 0x000000068b400000, 0x000000068b800000|  0%| F|  |TAMS 0x000000068b400000, 0x000000068b400000| Untracked 
|  27|0x000000068b800000, 0x000000068b800000, 0x000000068bc00000|  0%| F|  |TAMS 0x000000068b800000, 0x000000068b800000| Untracked 
|  28|0x000000068bc00000, 0x000000068bc00000, 0x000000068c000000|  0%| F|  |TAMS 0x000000068bc00000, 0x000000068bc00000| Untracked 
|  29|0x000000068c000000, 0x000000068c1f9418, 0x000000068c400000| 49%| E|  |TAMS 0x000000068c000000, 0x000000068c000000| Complete 
|  30|0x000000068c400000, 0x000000068c800000, 0x000000068c800000|100%| E|CS|TAMS 0x000000068c400000, 0x000000068c400000| Complete 
|  31|0x000000068c800000, 0x000000068cc00000, 0x000000068cc00000|100%| E|CS|TAMS 0x000000068c800000, 0x000000068c800000| Complete 
|  32|0x000000068cc00000, 0x000000068d000000, 0x000000068d000000|100%| E|CS|TAMS 0x000000068cc00000, 0x000000068cc00000| Complete 
|  33|0x000000068d000000, 0x000000068d400000, 0x000000068d400000|100%| E|  |TAMS 0x000000068d000000, 0x000000068d000000| Complete 

Card table byte_map: [0x00000187357f0000,0x00000187363d0000] _byte_map_base: 0x00000187323ca000

Marking Bits (Prev, Next): (CMBitMap*) 0x000001872228d9c0, (CMBitMap*) 0x000001872228da00
 Prev Bits: [0x0000018736fb0000, 0x000001873ce80000)
 Next Bits: [0x000001873ce80000, 0x0000018742d50000)

Polling page: 0x0000018720240000

Metaspace:

Usage:
  Non-class:    116.17 MB used.
      Class:     12.52 MB used.
       Both:    128.70 MB used.

Virtual space:
  Non-class space:      120.00 MB reserved,     117.06 MB ( 98%) committed,  15 nodes.
      Class space:        1.00 GB reserved,      13.50 MB (  1%) committed,  1 nodes.
             Both:        1.12 GB reserved,     130.56 MB ( 11%) committed. 

Chunk freelists:
   Non-Class:  2.02 MB
       Class:  2.65 MB
        Both:  4.67 MB

MaxMetaspaceSize: unlimited
CompressedClassSpaceSize: 1.00 GB
Initial GC threshold: 21.00 MB
Current GC threshold: 215.62 MB
CDS: off
MetaspaceReclaimPolicy: balanced
 - commit_granule_bytes: 65536.
 - commit_granule_words: 8192.
 - virtual_space_node_default_size: 1048576.
 - enlarge_chunks_in_place: 1.
 - new_chunks_are_fully_committed: 0.
 - uncommit_free_chunks: 1.
 - use_allocation_guard: 0.
 - handle_deallocations: 1.


Internal statistics:

num_allocs_failed_limit: 9.
num_arena_births: 3990.
num_arena_deaths: 1754.
num_vsnodes_births: 16.
num_vsnodes_deaths: 0.
num_space_committed: 2089.
num_space_uncommitted: 0.
num_chunks_returned_to_freelist: 2403.
num_chunks_taken_from_freelist: 10995.
num_chunk_merges: 815.
num_chunk_splits: 5779.
num_chunks_enlarged: 2811.
num_purges: 84.
num_inconsistent_stats: 0.

CodeHeap 'non-profiled nmethods': size=120000Kb used=26716Kb max_used=26716Kb free=93284Kb
 bounds [0x000001872d3b0000, 0x000001872edd0000, 0x00000187348e0000]
CodeHeap 'profiled nmethods': size=120000Kb used=47910Kb max_used=49011Kb free=72089Kb
 bounds [0x0000018725e80000, 0x0000018728eb0000, 0x000001872d3b0000]
CodeHeap 'non-nmethods': size=5760Kb used=1399Kb max_used=1485Kb free=4360Kb
 bounds [0x00000187258e0000, 0x0000018725b50000, 0x0000018725e80000]
 total_blobs=23101 nmethods=22384 adapters=627
 compilation: enabled
              stopped_count=0, restarted_count=0
 full_count=0

Compilation events (20 events):
Event: 60323.132 Thread 0x00000187460bbff0 nmethod 30052 0x0000018726ba4f10 code [0x0000018726ba5120, 0x0000018726ba59a8]
Event: 60323.192 Thread 0x00000187460b96e0 30053       4       org.springframework.web.servlet.handler.AbstractUrlHandlerMapping$PathExposingHandlerInterceptor::preHandle (47 bytes)
Event: 60323.194 Thread 0x00000187460b96e0 nmethod 30053 0x000001872edbfd10 code [0x000001872edbfea0, 0x000001872edc0098]
Event: 60323.271 Thread 0x00000187460b96e0 30054       4       org.apache.catalina.connector.RequestFacade::isSecure (31 bytes)
Event: 60323.271 Thread 0x00000187460b96e0 nmethod 30054 0x000001872edc0310 code [0x000001872edc0480, 0x000001872edc0518]
Event: 60323.443 Thread 0x00000187460bbff0 30055       3       org.springframework.http.MediaTypeFactory::getMediaTypes (42 bytes)
Event: 60323.444 Thread 0x00000187460bbff0 nmethod 30055 0x00000187273d4790 code [0x00000187273d49c0, 0x00000187273d52b8]
Event: 60519.411 Thread 0x00000187460b96e0 30056       4       org.apache.taglibs.standard.tlv.JstlBaseTLV::isJspTag (10 bytes)
Event: 60519.412 Thread 0x00000187460bbff0 30058       1       org.apache.jasper.compiler.Node$ELExpression::getEL (5 bytes)
Event: 60519.412 Thread 0x00000187460bbff0 nmethod 30058 0x000001872edc0610 code [0x000001872edc07a0, 0x000001872edc0878]
Event: 60519.416 Thread 0x00000187460b96e0 nmethod 30056 0x000001872edc0910 code [0x000001872edc0aa0, 0x000001872edc0e68]
Event: 60519.416 Thread 0x00000187460b96e0 30057       4       org.apache.jasper.compiler.ServletWriter::pushIndent (38 bytes)
Event: 60519.416 Thread 0x00000187460b96e0 nmethod 30057 0x000001872edc1090 code [0x000001872edc1200, 0x000001872edc1298]
Event: 60519.441 Thread 0x00000187460b96e0 30059       4       org.eclipse.jdt.internal.compiler.lookup.TypeSystem::getParameterizedType (258 bytes)
Event: 60519.453 Thread 0x00000187460bbff0 30061       3       org.eclipse.jdt.internal.compiler.lookup.ParameterizedTypeBinding::hasTypeBit (23 bytes)
Event: 60519.453 Thread 0x00000187460bbff0 nmethod 30061 0x000001872823af90 code [0x000001872823b160, 0x000001872823b758]
Event: 60519.454 Thread 0x00000187460bbff0 30062       3       org.eclipse.jdt.internal.compiler.lookup.TypeVariableBinding::constantPoolName (23 bytes)
Event: 60519.454 Thread 0x00000187460bbff0 nmethod 30062 0x0000018726e73110 code [0x0000018726e732c0, 0x0000018726e735b8]
Event: 60519.503 Thread 0x00000187460b96e0 nmethod 30059 0x000001872edc1390 code [0x000001872edc1760, 0x000001872edc4cb8]
Event: 60519.503 Thread 0x00000187460b96e0 30063       4       org.eclipse.jdt.internal.compiler.codegen.CodeStream::invoke18 (208 bytes)

GC Heap History (20 events):
Event: 60431.726 GC heap before
{Heap before GC invocations=2121 (full 42):
 garbage-first heap   total 139264K, used 111265K [0x0000000684c00000, 0x0000000800000000)
  region size 4096K, 11 young (45056K), 1 survivors (4096K)
 Metaspace       used 131773K, committed 133696K, reserved 1171456K
  class space    used 12824K, committed 13824K, reserved 1048576K
}
Event: 60431.727 GC heap after
{Heap after GC invocations=2122 (full 42):
 garbage-first heap   total 139264K, used 69413K [0x0000000684c00000, 0x0000000800000000)
  region size 4096K, 1 young (4096K), 1 survivors (4096K)
 Metaspace       used 131773K, committed 133696K, reserved 1171456K
  class space    used 12824K, committed 13824K, reserved 1048576K
}
Event: 60442.058 GC heap before
{Heap before GC invocations=2122 (full 42):
 garbage-first heap   total 139264K, used 110373K [0x0000000684c00000, 0x0000000800000000)
  region size 4096K, 11 young (45056K), 1 survivors (4096K)
 Metaspace       used 131773K, committed 133696K, reserved 1171456K
  class space    used 12824K, committed 13824K, reserved 1048576K
}
Event: 60442.059 GC heap after
{Heap after GC invocations=2123 (full 42):
 garbage-first heap   total 139264K, used 69743K [0x0000000684c00000, 0x0000000800000000)
  region size 4096K, 1 young (4096K), 1 survivors (4096K)
 Metaspace       used 131773K, committed 133696K, reserved 1171456K
  class space    used 12824K, committed 13824K, reserved 1048576K
}
Event: 60452.190 GC heap before
{Heap before GC invocations=2123 (full 42):
 garbage-first heap   total 139264K, used 110703K [0x0000000684c00000, 0x0000000800000000)
  region size 4096K, 11 young (45056K), 1 survivors (4096K)
 Metaspace       used 131773K, committed 133696K, reserved 1171456K
  class space    used 12824K, committed 13824K, reserved 1048576K
}
Event: 60452.192 GC heap after
{Heap after GC invocations=2124 (full 42):
 garbage-first heap   total 139264K, used 69640K [0x0000000684c00000, 0x0000000800000000)
  region size 4096K, 1 young (4096K), 1 survivors (4096K)
 Metaspace       used 131773K, committed 133696K, reserved 1171456K
  class space    used 12824K, committed 13824K, reserved 1048576K
}
Event: 60461.677 GC heap before
{Heap before GC invocations=2124 (full 42):
 garbage-first heap   total 139264K, used 110600K [0x0000000684c00000, 0x0000000800000000)
  region size 4096K, 11 young (45056K), 1 survivors (4096K)
 Metaspace       used 131773K, committed 133696K, reserved 1171456K
  class space    used 12824K, committed 13824K, reserved 1048576K
}
Event: 60461.679 GC heap after
{Heap after GC invocations=2125 (full 42):
 garbage-first heap   total 139264K, used 70041K [0x0000000684c00000, 0x0000000800000000)
  region size 4096K, 1 young (4096K), 1 survivors (4096K)
 Metaspace       used 131773K, committed 133696K, reserved 1171456K
  class space    used 12824K, committed 13824K, reserved 1048576K
}
Event: 60471.200 GC heap before
{Heap before GC invocations=2125 (full 42):
 garbage-first heap   total 139264K, used 111001K [0x0000000684c00000, 0x0000000800000000)
  region size 4096K, 11 young (45056K), 1 survivors (4096K)
 Metaspace       used 131773K, committed 133696K, reserved 1171456K
  class space    used 12824K, committed 13824K, reserved 1048576K
}
Event: 60471.202 GC heap after
{Heap after GC invocations=2126 (full 42):
 garbage-first heap   total 139264K, used 70316K [0x0000000684c00000, 0x0000000800000000)
  region size 4096K, 1 young (4096K), 1 survivors (4096K)
 Metaspace       used 131773K, committed 133696K, reserved 1171456K
  class space    used 12824K, committed 13824K, reserved 1048576K
}
Event: 60481.186 GC heap before
{Heap before GC invocations=2126 (full 42):
 garbage-first heap   total 139264K, used 111276K [0x0000000684c00000, 0x0000000800000000)
  region size 4096K, 11 young (45056K), 1 survivors (4096K)
 Metaspace       used 131773K, committed 133696K, reserved 1171456K
  class space    used 12824K, committed 13824K, reserved 1048576K
}
Event: 60481.188 GC heap after
{Heap after GC invocations=2127 (full 42):
 garbage-first heap   total 139264K, used 69496K [0x0000000684c00000, 0x0000000800000000)
  region size 4096K, 1 young (4096K), 1 survivors (4096K)
 Metaspace       used 131773K, committed 133696K, reserved 1171456K
  class space    used 12824K, committed 13824K, reserved 1048576K
}
Event: 60490.516 GC heap before
{Heap before GC invocations=2127 (full 42):
 garbage-first heap   total 139264K, used 110456K [0x0000000684c00000, 0x0000000800000000)
  region size 4096K, 11 young (45056K), 1 survivors (4096K)
 Metaspace       used 131773K, committed 133696K, reserved 1171456K
  class space    used 12824K, committed 13824K, reserved 1048576K
}
Event: 60490.518 GC heap after
{Heap after GC invocations=2128 (full 42):
 garbage-first heap   total 139264K, used 69808K [0x0000000684c00000, 0x0000000800000000)
  region size 4096K, 1 young (4096K), 1 survivors (4096K)
 Metaspace       used 131773K, committed 133696K, reserved 1171456K
  class space    used 12824K, committed 13824K, reserved 1048576K
}
Event: 60499.813 GC heap before
{Heap before GC invocations=2128 (full 42):
 garbage-first heap   total 139264K, used 110768K [0x0000000684c00000, 0x0000000800000000)
  region size 4096K, 11 young (45056K), 1 survivors (4096K)
 Metaspace       used 131773K, committed 133696K, reserved 1171456K
  class space    used 12824K, committed 13824K, reserved 1048576K
}
Event: 60499.815 GC heap after
{Heap after GC invocations=2129 (full 42):
 garbage-first heap   total 139264K, used 70192K [0x0000000684c00000, 0x0000000800000000)
  region size 4096K, 1 young (4096K), 1 survivors (4096K)
 Metaspace       used 131773K, committed 133696K, reserved 1171456K
  class space    used 12824K, committed 13824K, reserved 1048576K
}
Event: 60509.471 GC heap before
{Heap before GC invocations=2129 (full 42):
 garbage-first heap   total 139264K, used 111152K [0x0000000684c00000, 0x0000000800000000)
  region size 4096K, 11 young (45056K), 1 survivors (4096K)
 Metaspace       used 131773K, committed 133696K, reserved 1171456K
  class space    used 12824K, committed 13824K, reserved 1048576K
}
Event: 60509.471 GC heap after
{Heap after GC invocations=2130 (full 42):
 garbage-first heap   total 139264K, used 69602K [0x0000000684c00000, 0x0000000800000000)
  region size 4096K, 1 young (4096K), 1 survivors (4096K)
 Metaspace       used 131773K, committed 133696K, reserved 1171456K
  class space    used 12824K, committed 13824K, reserved 1048576K
}
Event: 60518.792 GC heap before
{Heap before GC invocations=2130 (full 42):
 garbage-first heap   total 139264K, used 110562K [0x0000000684c00000, 0x0000000800000000)
  region size 4096K, 11 young (45056K), 1 survivors (4096K)
 Metaspace       used 131773K, committed 133696K, reserved 1171456K
  class space    used 12824K, committed 13824K, reserved 1048576K
}
Event: 60518.793 GC heap after
{Heap after GC invocations=2131 (full 42):
 garbage-first heap   total 139264K, used 69490K [0x0000000684c00000, 0x0000000800000000)
  region size 4096K, 1 young (4096K), 1 survivors (4096K)
 Metaspace       used 131773K, committed 133696K, reserved 1171456K
  class space    used 12824K, committed 13824K, reserved 1048576K
}

Deoptimization events (20 events):
Event: 55571.037 Thread 0x0000018746b52ee0 DEOPT PACKING pc=0x000001872ed589dc sp=0x00000069b42fab10
Event: 55571.037 Thread 0x0000018746b52ee0 DEOPT UNPACKING pc=0x0000018725935c23 sp=0x00000069b42faaf8 mode 2
Event: 56581.887 Thread 0x0000018746b516d0 DEOPT PACKING pc=0x0000018728e32dff sp=0x00000069b47fb4b0
Event: 56581.887 Thread 0x0000018746b516d0 DEOPT UNPACKING pc=0x0000018725936763 sp=0x00000069b47fa9b8 mode 0
Event: 56581.953 Thread 0x0000018746b516d0 Uncommon trap: trap_request=0xffffffd6 fr.pc=0x000001872ed589dc relative=0x0000000000001c7c
Event: 56581.953 Thread 0x0000018746b516d0 Uncommon trap: reason=array_check action=maybe_recompile pc=0x000001872ed589dc method=java.util.TimSort.mergeHi(IIII)V @ 524 c2
Event: 56581.953 Thread 0x0000018746b516d0 DEOPT PACKING pc=0x000001872ed589dc sp=0x00000069b47fabc0
Event: 56581.953 Thread 0x0000018746b516d0 DEOPT UNPACKING pc=0x0000018725935c23 sp=0x00000069b47faba8 mode 2
Event: 56917.753 Thread 0x0000018749bc3d70 DEOPT PACKING pc=0x0000018728e32dff sp=0x00000069b3ffa8d0
Event: 56917.753 Thread 0x0000018749bc3d70 DEOPT UNPACKING pc=0x0000018725936763 sp=0x00000069b3ff9dd0 mode 0
Event: 56951.230 Thread 0x0000018746b52ee0 Uncommon trap: trap_request=0xffffff45 fr.pc=0x000001872ebdfb3c relative=0x0000000000003bdc
Event: 56951.230 Thread 0x0000018746b52ee0 Uncommon trap: reason=unstable_if action=reinterpret pc=0x000001872ebdfb3c method=java.util.concurrent.ConcurrentLinkedDeque.pred(Ljava/util/concurrent/ConcurrentLinkedDeque$Node;)Ljava/util/concurrent/ConcurrentLinkedDeque$Node; @ 7 c2
Event: 56951.230 Thread 0x0000018746b52ee0 DEOPT PACKING pc=0x000001872ebdfb3c sp=0x00000069b42fc950
Event: 56951.230 Thread 0x0000018746b52ee0 DEOPT UNPACKING pc=0x0000018725935c23 sp=0x00000069b42fc798 mode 2
Event: 57451.717 Thread 0x0000018746b55090 DEOPT PACKING pc=0x0000018728e32ecc sp=0x00000069b43fade0
Event: 57451.717 Thread 0x0000018746b55090 DEOPT UNPACKING pc=0x0000018725936763 sp=0x00000069b43fa2e8 mode 0
Event: 60132.709 Thread 0x000001874bbd6110 DEOPT PACKING pc=0x000001872818e420 sp=0x00000069b2cfee30
Event: 60132.709 Thread 0x000001874bbd6110 DEOPT UNPACKING pc=0x0000018725936763 sp=0x00000069b2cfe358 mode 0
Event: 60246.162 Thread 0x0000018749bc3d70 DEOPT PACKING pc=0x0000018728e32ecc sp=0x00000069b3ffbcf0
Event: 60246.162 Thread 0x0000018749bc3d70 DEOPT UNPACKING pc=0x0000018725936763 sp=0x00000069b3ffb1f8 mode 0

Classes unloaded (20 events):
Event: 16722.160 Thread 0x00000187457c86b0 Unloading class 0x0000000800bb1c00 'jdk/internal/reflect/GeneratedMethodAccessor591'
Event: 16722.160 Thread 0x00000187457c86b0 Unloading class 0x0000000800bb1800 'jdk/internal/reflect/GeneratedMethodAccessor590'
Event: 16722.160 Thread 0x00000187457c86b0 Unloading class 0x0000000800bb3400 'jdk/internal/reflect/GeneratedMethodAccessor589'
Event: 16722.160 Thread 0x00000187457c86b0 Unloading class 0x0000000800bb3000 'jdk/internal/reflect/GeneratedMethodAccessor588'
Event: 16722.160 Thread 0x00000187457c86b0 Unloading class 0x00000008001a1800 'jdk/internal/reflect/GeneratedMethodAccessor587'
Event: 16722.160 Thread 0x00000187457c86b0 Unloading class 0x00000008001a8000 'jdk/internal/reflect/GeneratedMethodAccessor586'
Event: 16722.160 Thread 0x00000187457c86b0 Unloading class 0x00000008001a9000 'jdk/internal/reflect/GeneratedMethodAccessor585'
Event: 16722.160 Thread 0x00000187457c86b0 Unloading class 0x00000008001a9800 'jdk/internal/reflect/GeneratedMethodAccessor584'
Event: 16722.160 Thread 0x00000187457c86b0 Unloading class 0x00000008001d0400 'jdk/internal/reflect/GeneratedMethodAccessor583'
Event: 16722.160 Thread 0x00000187457c86b0 Unloading class 0x00000008001d1000 'jdk/internal/reflect/GeneratedMethodAccessor582'
Event: 16722.160 Thread 0x00000187457c86b0 Unloading class 0x000000080028c400 'jdk/internal/reflect/GeneratedMethodAccessor581'
Event: 16722.160 Thread 0x00000187457c86b0 Unloading class 0x00000008003ba000 'jdk/internal/reflect/GeneratedMethodAccessor580'
Event: 16722.160 Thread 0x00000187457c86b0 Unloading class 0x00000008003bac00 'jdk/internal/reflect/GeneratedMethodAccessor579'
Event: 16722.160 Thread 0x00000187457c86b0 Unloading class 0x0000000800419000 'jdk/internal/reflect/GeneratedMethodAccessor578'
Event: 16722.160 Thread 0x00000187457c86b0 Unloading class 0x0000000800419800 'jdk/internal/reflect/GeneratedMethodAccessor577'
Event: 16722.160 Thread 0x00000187457c86b0 Unloading class 0x00000008005e8000 'jdk/internal/reflect/GeneratedMethodAccessor576'
Event: 16722.160 Thread 0x00000187457c86b0 Unloading class 0x0000000800754000 'jdk/internal/reflect/GeneratedMethodAccessor575'
Event: 16722.160 Thread 0x00000187457c86b0 Unloading class 0x00000008009d8400 'jdk/internal/reflect/GeneratedConstructorAccessor392'
Event: 16722.160 Thread 0x00000187457c86b0 Unloading class 0x0000000800af0400 'jdk/internal/reflect/GeneratedConstructorAccessor391'
Event: 16722.160 Thread 0x00000187457c86b0 Unloading class 0x0000000800bc4000 'jdk/internal/reflect/GeneratedMethodAccessor574'

Classes redefined (0 events):
No events

Internal exceptions (20 events):
Event: 19079.971 Thread 0x00000187462c5cd0 Exception <a 'java/lang/ClassNotFoundException'{0x000000068afcdeb8}: org/apache/taglibs/standard/tag/common/core/ForEachSupportBeanInfo> (0x000000068afcdeb8) 
thrown [e:\jenkins\tmp\workspace\build\src\src\hotspot\share\classfile\systemDictionary.cpp, line 256]
Event: 19079.972 Thread 0x00000187462c5cd0 Exception <a 'java/lang/ClassNotFoundException'{0x000000068afd7530}: javax/servlet/jsp/jstl/core/LoopTagSupportBeanInfo> (0x000000068afd7530) 
thrown [e:\jenkins\tmp\workspace\build\src\src\hotspot\share\classfile\systemDictionary.cpp, line 256]
Event: 19079.973 Thread 0x00000187462c5cd0 Exception <a 'java/lang/ClassNotFoundException'{0x000000068afe0ba0}: javax/servlet/jsp/jstl/core/LoopTagSupportCustomizer> (0x000000068afe0ba0) 
thrown [e:\jenkins\tmp\workspace\build\src\src\hotspot\share\classfile\systemDictionary.cpp, line 256]
Event: 19079.974 Thread 0x00000187462c5cd0 Exception <a 'java/lang/ClassNotFoundException'{0x000000068aff2e78}: org/apache/taglibs/standard/tag/common/core/ForEachSupportCustomizer> (0x000000068aff2e78) 
thrown [e:\jenkins\tmp\workspace\build\src\src\hotspot\share\classfile\systemDictionary.cpp, line 256]
Event: 19079.975 Thread 0x00000187462c5cd0 Exception <a 'java/lang/ClassNotFoundException'{0x000000068a800298}: org/apache/taglibs/standard/tag/rt/core/ForEachTagCustomizer> (0x000000068a800298) 
thrown [e:\jenkins\tmp\workspace\build\src\src\hotspot\share\classfile\systemDictionary.cpp, line 256]
Event: 19080.100 Thread 0x00000187462c5cd0 Exception <a 'java/lang/ClassNotFoundException'{0x000000068a2bd8e8}: fourth/bean/CartItemBeanInfo> (0x000000068a2bd8e8) 
thrown [e:\jenkins\tmp\workspace\build\src\src\hotspot\share\classfile\systemDictionary.cpp, line 256]
Event: 19080.101 Thread 0x00000187462c5cd0 Exception <a 'java/lang/ClassNotFoundException'{0x000000068a2c7ea0}: fourth/bean/CartItemCustomizer> (0x000000068a2c7ea0) 
thrown [e:\jenkins\tmp\workspace\build\src\src\hotspot\share\classfile\systemDictionary.cpp, line 256]
Event: 19080.105 Thread 0x00000187462c5cd0 Exception <a 'java/lang/ClassNotFoundException'{0x000000068a2e0280}: fourth/bean/CourseBeanBeanInfo> (0x000000068a2e0280) 
thrown [e:\jenkins\tmp\workspace\build\src\src\hotspot\share\classfile\systemDictionary.cpp, line 256]
Event: 19080.107 Thread 0x00000187462c5cd0 Exception <a 'java/lang/ClassNotFoundException'{0x000000068a2ea9b8}: fourth/bean/CourseBeanCustomizer> (0x000000068a2ea9b8) 
thrown [e:\jenkins\tmp\workspace\build\src\src\hotspot\share\classfile\systemDictionary.cpp, line 256]
Event: 19083.943 Thread 0x0000018746b55090 Exception <a 'java/lang/reflect/InvocationTargetException'{0x000000068cae89c0}> (0x000000068cae89c0) 
thrown [e:\jenkins\tmp\workspace\build\src\src\hotspot\share\runtime\reflection.cpp, line 1121]
Event: 19086.536 Thread 0x0000018746b55090 Exception <a 'java/lang/ClassNotFoundException'{0x000000068a740bf0}: fourth/bean/OrderUserBeanInfo> (0x000000068a740bf0) 
thrown [e:\jenkins\tmp\workspace\build\src\src\hotspot\share\classfile\systemDictionary.cpp, line 256]
Event: 19086.537 Thread 0x0000018746b55090 Exception <a 'java/lang/ClassNotFoundException'{0x000000068a74b810}: fourth/bean/OrderUserCustomizer> (0x000000068a74b810) 
thrown [e:\jenkins\tmp\workspace\build\src\src\hotspot\share\classfile\systemDictionary.cpp, line 256]
Event: 19086.539 Thread 0x0000018746b55090 Exception <a 'java/lang/ClassNotFoundException'{0x000000068a761cf8}: fourth/bean/OrderStatusBeanInfo> (0x000000068a761cf8) 
thrown [e:\jenkins\tmp\workspace\build\src\src\hotspot\share\classfile\systemDictionary.cpp, line 256]
Event: 19086.540 Thread 0x0000018746b55090 Exception <a 'java/lang/ClassNotFoundException'{0x000000068a76ca68}: fourth/bean/OrderStatusCustomizer> (0x000000068a76ca68) 
thrown [e:\jenkins\tmp\workspace\build\src\src\hotspot\share\classfile\systemDictionary.cpp, line 256]
Event: 24995.771 Thread 0x0000018749bcb0f0 Implicit null exception at 0x000001872e1317f5 to 0x000001872e131997
Event: 24995.771 Thread 0x0000018749bcb0f0 Implicit null exception at 0x000001872e3b51e7 to 0x000001872e3b5371
Event: 24995.772 Thread 0x0000018749bcb0f0 Implicit null exception at 0x000001872ecd77e9 to 0x000001872ecd85c8
Event: 24995.773 Thread 0x0000018749bcb0f0 Implicit null exception at 0x000001872ed23898 to 0x000001872ed24068
Event: 24995.773 Thread 0x0000018749bcb0f0 Implicit null exception at 0x000001872ecd9a34 to 0x000001872ecdad28
Event: 24995.774 Thread 0x0000018749bcb0f0 Implicit null exception at 0x000001872e6df733 to 0x000001872e6e4ab4

VM Operations (20 events):
Event: 60431.726 Executing VM operation: G1CollectForAllocation
Event: 60431.727 Executing VM operation: G1CollectForAllocation done
Event: 60442.058 Executing VM operation: G1CollectForAllocation
Event: 60442.059 Executing VM operation: G1CollectForAllocation done
Event: 60452.190 Executing VM operation: G1CollectForAllocation
Event: 60452.192 Executing VM operation: G1CollectForAllocation done
Event: 60461.677 Executing VM operation: G1CollectForAllocation
Event: 60461.679 Executing VM operation: G1CollectForAllocation done
Event: 60471.200 Executing VM operation: G1CollectForAllocation
Event: 60471.202 Executing VM operation: G1CollectForAllocation done
Event: 60481.186 Executing VM operation: G1CollectForAllocation
Event: 60481.188 Executing VM operation: G1CollectForAllocation done
Event: 60490.516 Executing VM operation: G1CollectForAllocation
Event: 60490.518 Executing VM operation: G1CollectForAllocation done
Event: 60499.813 Executing VM operation: G1CollectForAllocation
Event: 60499.815 Executing VM operation: G1CollectForAllocation done
Event: 60509.471 Executing VM operation: G1CollectForAllocation
Event: 60509.471 Executing VM operation: G1CollectForAllocation done
Event: 60518.792 Executing VM operation: G1CollectForAllocation
Event: 60518.793 Executing VM operation: G1CollectForAllocation done

Events (20 events):
Event: 58952.110 Thread 0x000001874b2b0f20 Thread added: 0x000001874b2b0f20
Event: 58952.110 Thread 0x000001874b2b0a50 Thread added: 0x000001874b2b0a50
Event: 58957.118 Thread 0x000001874b2b0f20 Thread exited: 0x000001874b2b0f20
Event: 58957.133 Thread 0x000001874b2b0a50 Thread exited: 0x000001874b2b0a50
Event: 58958.574 Thread 0x000001874b2ad090 Thread added: 0x000001874b2ad090
Event: 58958.574 Thread 0x000001874b2ad560 Thread added: 0x000001874b2ad560
Event: 58963.585 Thread 0x000001874b2ad090 Thread exited: 0x000001874b2ad090
Event: 58963.600 Thread 0x000001874b2ad560 Thread exited: 0x000001874b2ad560
Event: 58966.584 Thread 0x000001874b2afbe0 Thread added: 0x000001874b2afbe0
Event: 58966.584 Thread 0x000001874b2b0a50 Thread added: 0x000001874b2b0a50
Event: 58975.946 Thread 0x000001874b2afbe0 Thread exited: 0x000001874b2afbe0
Event: 58975.962 Thread 0x000001874b2b0a50 Thread exited: 0x000001874b2b0a50
Event: 58985.461 Thread 0x000001874b2b18c0 Thread added: 0x000001874b2b18c0
Event: 58985.461 Thread 0x000001874b2abd50 Thread added: 0x000001874b2abd50
Event: 58990.475 Thread 0x000001874b2b18c0 Thread exited: 0x000001874b2b18c0
Event: 58990.490 Thread 0x000001874b2abd50 Thread exited: 0x000001874b2abd50
Event: 59003.525 Thread 0x000001874b2b0f20 Thread added: 0x000001874b2b0f20
Event: 59003.525 Thread 0x000001874b2ada30 Thread added: 0x000001874b2ada30
Event: 59008.532 Thread 0x000001874b2b0f20 Thread exited: 0x000001874b2b0f20
Event: 59008.547 Thread 0x000001874b2ada30 Thread exited: 0x000001874b2ada30


Dynamic libraries:
0x00007ff7772f0000 - 0x00007ff7772fe000 	C:\eclipse\plugins\org.eclipse.justj.openjdk.hotspot.jre.full.win32.x86_64_17.0.2.v20220201-1208\jre\bin\javaw.exe
0x00007ffe08ea0000 - 0x00007ffe090a9000 	C:\Windows\SYSTEM32\ntdll.dll
0x00007ffe07690000 - 0x00007ffe0774d000 	C:\Windows\System32\KERNEL32.DLL
0x00007ffe06380000 - 0x00007ffe066fc000 	C:\Windows\System32\KERNELBASE.dll
0x00007ffe06940000 - 0x00007ffe06a51000 	C:\Windows\System32\ucrtbase.dll
0x00007ffe00590000 - 0x00007ffe005a9000 	C:\eclipse\plugins\org.eclipse.justj.openjdk.hotspot.jre.full.win32.x86_64_17.0.2.v20220201-1208\jre\bin\VCRUNTIME140.dll
0x00007ffdf7e40000 - 0x00007ffdf7e58000 	C:\eclipse\plugins\org.eclipse.justj.openjdk.hotspot.jre.full.win32.x86_64_17.0.2.v20220201-1208\jre\bin\jli.dll
0x00007ffe08a80000 - 0x00007ffe08c2d000 	C:\Windows\System32\USER32.dll
0x00007ffe06910000 - 0x00007ffe06936000 	C:\Windows\System32\win32u.dll
0x00007ffdf9190000 - 0x00007ffdf9435000 	C:\Windows\WinSxS\amd64_microsoft.windows.common-controls_6595b64144ccf1df_6.0.22000.120_none_9d947278b86cc467\COMCTL32.dll
0x00007ffe06fc0000 - 0x00007ffe06fe9000 	C:\Windows\System32\GDI32.dll
0x00007ffe08db0000 - 0x00007ffe08e53000 	C:\Windows\System32\msvcrt.dll
0x00007ffe06780000 - 0x00007ffe06899000 	C:\Windows\System32\gdi32full.dll
0x00007ffe06a60000 - 0x00007ffe06afd000 	C:\Windows\System32\msvcp_win.dll
0x00007ffe06e20000 - 0x00007ffe06e51000 	C:\Windows\System32\IMM32.DLL
0x00007ffdff8f0000 - 0x00007ffdff8fc000 	C:\eclipse\plugins\org.eclipse.justj.openjdk.hotspot.jre.full.win32.x86_64_17.0.2.v20220201-1208\jre\bin\vcruntime140_1.dll
0x00007ffdca2e0000 - 0x00007ffdca371000 	C:\eclipse\plugins\org.eclipse.justj.openjdk.hotspot.jre.full.win32.x86_64_17.0.2.v20220201-1208\jre\bin\msvcp140.dll
0x00007ffd72ff0000 - 0x00007ffd73c37000 	C:\eclipse\plugins\org.eclipse.justj.openjdk.hotspot.jre.full.win32.x86_64_17.0.2.v20220201-1208\jre\bin\server\jvm.dll
0x00007ffe075e0000 - 0x00007ffe0768e000 	C:\Windows\System32\ADVAPI32.dll
0x00007ffe080c0000 - 0x00007ffe0815e000 	C:\Windows\System32\sechost.dll
0x00007ffe06ff0000 - 0x00007ffe07110000 	C:\Windows\System32\RPCRT4.dll
0x00007ffe08600000 - 0x00007ffe08608000 	C:\Windows\System32\PSAPI.DLL
0x00007ffdfcb50000 - 0x00007ffdfcb5a000 	C:\Windows\SYSTEM32\VERSION.dll
0x00007ffdfdc70000 - 0x00007ffdfdca3000 	C:\Windows\SYSTEM32\WINMM.dll
0x00007ffded4e0000 - 0x00007ffded4e9000 	C:\Windows\SYSTEM32\WSOCK32.dll
0x00007ffe07570000 - 0x00007ffe075df000 	C:\Windows\System32\WS2_32.dll
0x00007ffe05560000 - 0x00007ffe05578000 	C:\Windows\SYSTEM32\kernel.appcore.dll
0x00007ffe00540000 - 0x00007ffe0054a000 	C:\eclipse\plugins\org.eclipse.justj.openjdk.hotspot.jre.full.win32.x86_64_17.0.2.v20220201-1208\jre\bin\jimage.dll
0x00007ffe03ea0000 - 0x00007ffe040c1000 	C:\Windows\SYSTEM32\DBGHELP.DLL
0x00007ffdf84f0000 - 0x00007ffdf8521000 	C:\Windows\SYSTEM32\dbgcore.DLL
0x00007ffe06700000 - 0x00007ffe0677f000 	C:\Windows\System32\bcryptPrimitives.dll
0x00007ffdfddf0000 - 0x00007ffdfde15000 	C:\eclipse\plugins\org.eclipse.justj.openjdk.hotspot.jre.full.win32.x86_64_17.0.2.v20220201-1208\jre\bin\java.dll
0x00007ffdfdc20000 - 0x00007ffdfdc38000 	C:\eclipse\plugins\org.eclipse.justj.openjdk.hotspot.jre.full.win32.x86_64_17.0.2.v20220201-1208\jre\bin\zip.dll
0x00007ffe07850000 - 0x00007ffe08008000 	C:\Windows\System32\SHELL32.dll
0x00007ffe044f0000 - 0x00007ffe04d58000 	C:\Windows\SYSTEM32\windows.storage.dll
0x00007ffe08280000 - 0x00007ffe085f9000 	C:\Windows\System32\combase.dll
0x00007ffe04380000 - 0x00007ffe044e6000 	C:\Windows\SYSTEM32\wintypes.dll
0x00007ffe06d30000 - 0x00007ffe06e1a000 	C:\Windows\System32\SHCORE.dll
0x00007ffe07500000 - 0x00007ffe0755d000 	C:\Windows\System32\shlwapi.dll
0x00007ffe062b0000 - 0x00007ffe062d1000 	C:\Windows\SYSTEM32\profapi.dll
0x00007ffdfbe00000 - 0x00007ffdfbe19000 	C:\eclipse\plugins\org.eclipse.justj.openjdk.hotspot.jre.full.win32.x86_64_17.0.2.v20220201-1208\jre\bin\net.dll
0x00007ffdff7e0000 - 0x00007ffdff8ec000 	C:\Windows\SYSTEM32\WINHTTP.dll
0x00007ffe05990000 - 0x00007ffe059f7000 	C:\Windows\system32\mswsock.dll
0x00007ffdf9570000 - 0x00007ffdf9585000 	C:\eclipse\plugins\org.eclipse.justj.openjdk.hotspot.jre.full.win32.x86_64_17.0.2.v20220201-1208\jre\bin\nio.dll
0x00007ffdffe60000 - 0x00007ffdffe70000 	C:\eclipse\plugins\org.eclipse.justj.openjdk.hotspot.jre.full.win32.x86_64_17.0.2.v20220201-1208\jre\bin\verify.dll
0x00007ffdff3b0000 - 0x00007ffdff3b9000 	C:\eclipse\plugins\org.eclipse.justj.openjdk.hotspot.jre.full.win32.x86_64_17.0.2.v20220201-1208\jre\bin\management.dll
0x00007ffdfe6e0000 - 0x00007ffdfe6eb000 	C:\eclipse\plugins\org.eclipse.justj.openjdk.hotspot.jre.full.win32.x86_64_17.0.2.v20220201-1208\jre\bin\management_ext.dll
0x00007ffdd1270000 - 0x00007ffdd1287000 	C:\Windows\system32\napinsp.dll
0x00007ffdd1290000 - 0x00007ffdd12ab000 	C:\Windows\system32\pnrpnsp.dll
0x00007ffe05040000 - 0x00007ffe05128000 	C:\Windows\SYSTEM32\DNSAPI.dll
0x00007ffe05010000 - 0x00007ffe0503d000 	C:\Windows\SYSTEM32\IPHLPAPI.DLL
0x00007ffe06fb0000 - 0x00007ffe06fb9000 	C:\Windows\System32\NSI.dll
0x00007ffdd1250000 - 0x00007ffdd1262000 	C:\Windows\System32\winrnr.dll
0x00007ffdd1230000 - 0x00007ffdd1245000 	C:\Windows\system32\wshbth.dll
0x00007ffdd1210000 - 0x00007ffdd122f000 	C:\Windows\system32\nlansp_c.dll
0x00007ffdfd0f0000 - 0x00007ffdfd0fa000 	C:\Windows\System32\rasadhlp.dll
0x00007ffdfd5c0000 - 0x00007ffdfd641000 	C:\Windows\System32\fwpuclnt.dll
0x00007ffe05bd0000 - 0x00007ffe05be8000 	C:\Windows\SYSTEM32\CRYPTSP.dll
0x00007ffe054c0000 - 0x00007ffe054f5000 	C:\Windows\system32\rsaenh.dll
0x00007ffe05a80000 - 0x00007ffe05aa9000 	C:\Windows\SYSTEM32\USERENV.dll
0x00007ffe05d60000 - 0x00007ffe05d87000 	C:\Windows\SYSTEM32\bcrypt.dll
0x00007ffe05bf0000 - 0x00007ffe05bfc000 	C:\Windows\SYSTEM32\CRYPTBASE.dll
0x00007ffdfe150000 - 0x00007ffdfe169000 	C:\Windows\SYSTEM32\dhcpcsvc6.DLL
0x00007ffdfe130000 - 0x00007ffdfe14e000 	C:\Windows\SYSTEM32\dhcpcsvc.DLL
0x00007ffdff900000 - 0x00007ffdff90e000 	C:\eclipse\plugins\org.eclipse.justj.openjdk.hotspot.jre.full.win32.x86_64_17.0.2.v20220201-1208\jre\bin\sunmscapi.dll
0x00007ffe06b00000 - 0x00007ffe06c62000 	C:\Windows\System32\CRYPT32.dll
0x00007ffe05d30000 - 0x00007ffe05d58000 	C:\Windows\SYSTEM32\ncrypt.dll
0x00007ffe05cf0000 - 0x00007ffe05d27000 	C:\Windows\SYSTEM32\NTASN1.dll
0x00007ffdff380000 - 0x00007ffdff388000 	C:\Windows\system32\wshunix.dll

dbghelp: loaded successfully - version: 4.0.5 - missing functions: none
symbol engine: initialized successfully - sym options: 0x614 - pdb path: .;C:\eclipse\plugins\org.eclipse.justj.openjdk.hotspot.jre.full.win32.x86_64_17.0.2.v20220201-1208\jre\bin;C:\Windows\SYSTEM32;C:\Windows\WinSxS\amd64_microsoft.windows.common-controls_6595b64144ccf1df_6.0.22000.120_none_9d947278b86cc467;C:\eclipse\plugins\org.eclipse.justj.openjdk.hotspot.jre.full.win32.x86_64_17.0.2.v20220201-1208\jre\bin\server

VM Arguments:
jvm_args: -Dfile.encoding=UTF-8 -XX:+ShowCodeDetailsInExceptionMessages 
java_command: fourth.HappyLearningApplication
java_class_path (initial): C:\Users\ASUS\Desktop\WayneCode\JavaProjectTWO\LearnWorkSpace\HappyLearning\target\classes;D:\maven_respository\org\springframework\boot\spring-boot-starter-web\2.7.3\spring-boot-starter-web-2.7.3.jar;D:\maven_respository\org\springframework\boot\spring-boot-starter\2.7.3\spring-boot-starter-2.7.3.jar;D:\maven_respository\org\springframework\boot\spring-boot-starter-logging\2.7.3\spring-boot-starter-logging-2.7.3.jar;D:\maven_respository\ch\qos\logback\logback-classic\1.2.11\logback-classic-1.2.11.jar;D:\maven_respository\ch\qos\logback\logback-core\1.2.11\logback-core-1.2.11.jar;D:\maven_respository\org\apache\logging\log4j\log4j-to-slf4j\2.17.2\log4j-to-slf4j-2.17.2.jar;D:\maven_respository\org\slf4j\jul-to-slf4j\1.7.36\jul-to-slf4j-1.7.36.jar;D:\maven_respository\org\yaml\snakeyaml\1.30\snakeyaml-1.30.jar;D:\maven_respository\org\springframework\boot\spring-boot-starter-json\2.7.3\spring-boot-starter-json-2.7.3.jar;D:\maven_respository\com\fasterxml\jackson\core\jackson-databind\2.13.3\jackson-databind-2.13.3.jar;D:\maven_respository\com\fasterxml\jackson\core\jackson-annotations\2.13.3\jackson-annotations-2.13.3.jar;D:\maven_respository\com\fasterxml\jackson\core\jackson-core\2.13.3\jackson-core-2.13.3.jar;D:\maven_respository\com\fasterxml\jackson\datatype\jackson-datatype-jdk8\2.13.3\jackson-datatype-jdk8-2.13.3.jar;D:\maven_respository\com\fasterxml\jackson\datatype\jackson-datatype-jsr310\2.13.3\jackson-datatype-jsr310-2.13.3.jar;D:\maven_respository\com\fasterxml\jackson\module\jackson-module-parameter-names\2.13.3\jackson-module-parameter-names-2.13.3.jar;D:\maven_respository\org\springframework\spring-web\5.3.22\spring-web-5.3.22.jar;D:\maven_respository\org\springframework\spring-beans\5.3.22\spring-beans-5.3.22.jar;D:\maven_respository\org\springframework\spring-webmvc\5.3.22\spring-webmvc-5.3.22.jar;D:\maven_respository\org\springframework\spring-context\5.3.22\spring-context-5.3.22.jar;D:\maven_respository\org\springframew
Launcher Type: SUN_STANDARD

[Global flags]
     intx CICompilerCount                          = 4                                         {product} {ergonomic}
     uint ConcGCThreads                            = 2                                         {product} {ergonomic}
     uint G1ConcRefinementThreads                  = 8                                         {product} {ergonomic}
   size_t G1HeapRegionSize                         = 4194304                                   {product} {ergonomic}
    uintx GCDrainStackTargetSize                   = 64                                        {product} {ergonomic}
   size_t InitialHeapSize                          = 398458880                                 {product} {ergonomic}
   size_t MarkStackSize                            = 4194304                                   {product} {ergonomic}
   size_t MaxHeapSize                              = 6362759168                                {product} {ergonomic}
   size_t MaxNewSize                               = 3816816640                                {product} {ergonomic}
   size_t MinHeapDeltaBytes                        = 4194304                                   {product} {ergonomic}
   size_t MinHeapSize                              = 8388608                                   {product} {ergonomic}
    uintx NonNMethodCodeHeapSize                   = 5839372                                {pd product} {ergonomic}
    uintx NonProfiledCodeHeapSize                  = 122909434                              {pd product} {ergonomic}
    uintx ProfiledCodeHeapSize                     = 122909434                              {pd product} {ergonomic}
    uintx ReservedCodeCacheSize                    = 251658240                              {pd product} {ergonomic}
     bool SegmentedCodeCache                       = true                                      {product} {ergonomic}
     bool ShowCodeDetailsInExceptionMessages       = true                                   {manageable} {command line}
   size_t SoftMaxHeapSize                          = 6362759168                             {manageable} {ergonomic}
     bool UseCompressedClassPointers               = true                           {product lp64_product} {ergonomic}
     bool UseCompressedOops                        = true                           {product lp64_product} {ergonomic}
     bool UseG1GC                                  = true                                      {product} {ergonomic}
     bool UseLargePagesIndividualAllocation        = false                                  {pd product} {ergonomic}

Logging:
Log output configuration:
 #0: stdout all=warning uptime,level,tags
 #1: stderr all=off uptime,level,tags

Environment Variables:
JAVA_HOME=C:\Program Files\JDK8
CLASSPATH=.
PATH=C:/eclipse//plugins/org.eclipse.justj.openjdk.hotspot.jre.full.win32.x86_64_17.0.2.v20220201-1208/jre/bin/server;C:/eclipse//plugins/org.eclipse.justj.openjdk.hotspot.jre.full.win32.x86_64_17.0.2.v20220201-1208/jre/bin;C:\Program Files (x86)\Microsoft SDKs\Azure\CLI2\wbin;C:\Program Files\JDK8\bin;C:\Program Files (x86)\VMware\VMware Player\bin\;C:\Windows\system32;C:\Windows;C:\Windows\System32\Wbem;C:\Windows\System32\WindowsPowerShell\v1.0\;C:\Windows\System32\OpenSSH\;C:\Program Files (x86)\NVIDIA Corporation\PhysX\Common;C:\Program Files\NVIDIA Corporation\NVIDIA NvDLISR;C:\Program Files\Azure Data Studio\bin;C:\Program Files\Microsoft SQL Server\Client SDK\ODBC\170\Tools\Binn\;C:\Program Files (x86)\Microsoft SQL Server\150\Tools\Binn\;C:\Program Files\Microsoft SQL Server\150\Tools\Binn\;C:\Program Files\Microsoft SQL Server\150\DTS\Binn\;C:\Program Files (x86)\Microsoft SQL Server\150\DTS\Binn\;D:\apache-maven-3.8.6\bin;C:\Program Files\Git\cmd;C:\Program Files\nodejs\;C:\Users\ASUS\AppData\Local\Microsoft\WindowsApps;C:\Program Files\MySQL\MySQL Server 8.0\bin;C:\Users\ASUS\AppData\Local\JetBrains\IntelliJ IDEA Community Edition 2022.1.1\bin;;C:\Users\ASUS\AppData\Local\Programs\Microsoft VS Code\bin;C:\Program Files\Azure Data Studio\bin;D:\apache-maven-3.8.6\bin;C:\Users\ASUS\AppData\Roaming\npm;C:\eclipse;
USERNAME=ASUS
OS=Windows_NT
PROCESSOR_IDENTIFIER=Intel64 Family 6 Model 140 Stepping 1, GenuineIntel



---------------  S Y S T E M  ---------------

OS:
 Windows 11 , 64 bit Build 22000 (10.0.22000.708)
OS uptime: 3 days 1:20 hours

CPU: total 8 (initial active 8) (4 cores per cpu, 2 threads per core) family 6 model 140 stepping 1 microcode 0x86, cx8, cmov, fxsr, ht, mmx, 3dnowpref, sse, sse2, sse3, ssse3, sse4.1, sse4.2, popcnt, lzcnt, tsc, tscinvbit, avx, avx2, aes, erms, clmul, bmi1, bmi2, adx, avx512f, avx512dq, avx512cd, avx512bw, avx512vl, sha, fma, vzeroupper, avx512_vpopcntdq, avx512_vpclmulqdq, avx512_vaes, avx512_vnni, clflush, clflushopt, clwb, avx512_vbmi2, avx512_vbmi

Memory: 4k page, system-wide physical 24270M (5959M free)
TotalPageFile size 56383M (AvailPageFile size 7M)
current process WorkingSet (physical memory assigned to process): 219M, peak: 475M
current process commit charge ("private bytes"): 514M, peak: 688M

vm_info: OpenJDK 64-Bit Server VM (17.0.2+8) for windows-amd64 JRE (17.0.2+8), built on Jan 20 2022 04:52:34 by "" with MS VC++ 16.7 (VS2019)

END.
